# Logfile created on 2025-10-07 23:43:39 +0000 by logger.rb/v1.7.0
A, [2025-10-07T23:43:40.125005 #3374]   ANY -- : healthd daemon 1.0.7 initialized
W, [2025-10-07T23:43:40.186485 #3374]  WARN -- : log file "/var/log/nginx/healthd/application.log.2025-10-07-23" does not exist
W, [2025-10-07T23:43:45.188563 #3374]  WARN -- : log file "/var/log/nginx/healthd/application.log.2025-10-07-23" does not exist
W, [2025-10-07T23:43:50.191067 #3374]  WARN -- : log file "/var/log/nginx/healthd/application.log.2025-10-07-23" does not exist
W, [2025-10-07T23:43:55.191326 #3374]  WARN -- : log file "/var/log/nginx/healthd/application.log.2025-10-07-23" does not exist
W, [2025-10-07T23:44:00.191583 #3374]  WARN -- : log file "/var/log/nginx/healthd/application.log.2025-10-07-23" does not exist
W, [2025-10-07T23:44:05.191849 #3374]  WARN -- : log file "/var/log/nginx/healthd/application.log.2025-10-07-23" does not exist
W, [2025-10-07T23:44:10.192091 #3374]  WARN -- : log file "/var/log/nginx/healthd/application.log.2025-10-07-23" does not exist
F, [2025-10-07T23:46:23.007406 #3374] FATAL -- : /opt/elasticbeanstalk/lib/ruby/lib/ruby/gems/3.4.0/gems/puma-6.6.0/lib/puma/launcher.rb:447:in 'block in Puma::Launcher#setup_signals': SIGTERM (SignalException)
	from /opt/elasticbeanstalk/lib/ruby/lib/ruby/gems/3.4.0/gems/puma-6.6.0/lib/puma/single.rb:63:in 'Thread#join'
	from /opt/elasticbeanstalk/lib/ruby/lib/ruby/gems/3.4.0/gems/puma-6.6.0/lib/puma/single.rb:63:in 'Puma::Single#run'
	from /opt/elasticbeanstalk/lib/ruby/lib/ruby/gems/3.4.0/gems/puma-6.6.0/lib/puma/launcher.rb:203:in 'Puma::Launcher#run'
	from /opt/elasticbeanstalk/lib/ruby/lib/ruby/gems/3.4.0/gems/puma-6.6.0/lib/puma/cli.rb:75:in 'Puma::CLI#run'
	from /opt/elasticbeanstalk/lib/ruby/lib/ruby/gems/3.4.0/gems/healthd-1.0.7/bin/healthd:112:in 'block in <top (required)>'
	from /opt/elasticbeanstalk/lib/ruby/lib/ruby/gems/3.4.0/gems/healthd-1.0.7/bin/healthd:19:in 'Dir.chdir'
	from /opt/elasticbeanstalk/lib/ruby/lib/ruby/gems/3.4.0/gems/healthd-1.0.7/bin/healthd:19:in '<top (required)>'
	from /opt/elasticbeanstalk/lib/ruby/bin/healthd:25:in 'Kernel#load'
	from /opt/elasticbeanstalk/lib/ruby/bin/healthd:25:in '<main>'
A, [2025-10-07T23:46:24.936146 #3877]   ANY -- : healthd daemon 1.0.7 initialized
