2025-10-07 23:22:31,630 P1656 [INFO] ************************************************************
2025-10-07 23:22:31,630 P1656 [INFO] ConfigSet _OnInstanceBoot
2025-10-07 23:22:31,632 P1656 [INFO] ++++++++++++++++++++++++++++++++++++++++++++++++++++++++++++
2025-10-07 23:22:31,632 P1656 [INFO] Config AWSEBBaseConfig
2025-10-07 23:22:31,869 P1656 [INFO] ============================================================
2025-10-07 23:22:31,869 P1656 [INFO] Command clearbackupfiles
2025-10-07 23:22:31,879 P1656 [INFO] Completed successfully.
2025-10-07 23:22:31,883 P1656 [INFO] ++++++++++++++++++++++++++++++++++++++++++++++++++++++++++++
2025-10-07 23:22:31,883 P1656 [INFO] Config AWSEBCfnHupEndpointOverride
2025-10-07 23:22:31,883 P1656 [INFO] ============================================================
2025-10-07 23:22:31,883 P1656 [INFO] Command clearbackupfiles
2025-10-07 23:22:31,887 P1656 [INFO] Completed successfully.
2025-10-07 23:23:38,208 P1909 [INFO] ************************************************************
2025-10-07 23:23:38,208 P1909 [INFO] ConfigSet Infra-EmbeddedPreBuild
2025-10-07 23:23:38,211 P1909 [INFO] ++++++++++++++++++++++++++++++++++++++++++++++++++++++++++++
2025-10-07 23:23:38,211 P1909 [INFO] Config prebuild_0_Back
2025-10-07 23:23:38,211 P1909 [INFO] ============================================================
2025-10-07 23:23:38,211 P1909 [INFO] yum clean metadata
2025-10-07 23:23:38,810 P1909 [INFO] -----------------------Command Output-----------------------
2025-10-07 23:23:38,810 P1909 [INFO] 	Cache was expired
2025-10-07 23:23:38,810 P1909 [INFO] 	17 files removed
2025-10-07 23:23:38,810 P1909 [INFO] ------------------------------------------------------------
2025-10-07 23:23:38,810 P1909 [INFO] Completed successfully.
2025-10-07 23:23:38,811 P1909 [INFO] ============================================================
2025-10-07 23:23:38,811 P1909 [INFO] yum makecache
2025-10-07 23:23:51,211 P1909 [INFO] -----------------------Command Output-----------------------
2025-10-07 23:23:51,211 P1909 [INFO] 	Amazon Linux 2023 repository                     67 MB/s |  47 MB     00:00    
2025-10-07 23:23:51,211 P1909 [INFO] 	Amazon Linux 2023 Kernel Livepatch repository   261 kB/s |  26 kB     00:00    
2025-10-07 23:23:51,211 P1909 [INFO] 	Metadata cache created.
2025-10-07 23:23:51,211 P1909 [INFO] ------------------------------------------------------------
2025-10-07 23:23:51,211 P1909 [INFO] Completed successfully.
2025-10-07 23:23:51,211 P1909 [INFO] ============================================================
2025-10-07 23:23:51,211 P1909 [INFO] yum list installed git
2025-10-07 23:23:51,571 P1909 [INFO] -----------------------Command Output-----------------------
2025-10-07 23:23:51,571 P1909 [INFO] 	Error: No matching Packages to list
2025-10-07 23:23:51,571 P1909 [INFO] ------------------------------------------------------------
2025-10-07 23:23:51,571 P1909 [ERROR] Exited with error code 1
2025-10-07 23:23:51,571 P1909 [INFO] ============================================================
2025-10-07 23:23:51,571 P1909 [INFO] yum list available git
2025-10-07 23:23:51,985 P1909 [INFO] -----------------------Command Output-----------------------
2025-10-07 23:23:51,985 P1909 [INFO] 	Last metadata expiration check: 0:00:01 ago on Tue 07 Oct 2025 11:23:50 PM UTC.
2025-10-07 23:23:51,985 P1909 [INFO] 	Available Packages
2025-10-07 23:23:51,985 P1909 [INFO] 	git.x86_64                   2.39.1-1.amzn2023.0.2                   amazonlinux
2025-10-07 23:23:51,985 P1909 [INFO] 	git.x86_64                   2.39.1-1.amzn2023.0.3                   amazonlinux
2025-10-07 23:23:51,986 P1909 [INFO] 	git.x86_64                   2.39.2-1.amzn2023.0.1                   amazonlinux
2025-10-07 23:23:51,986 P1909 [INFO] 	git.x86_64                   2.40.1-1.amzn2023.0.1                   amazonlinux
2025-10-07 23:23:51,986 P1909 [INFO] 	git.x86_64                   2.40.1-1.amzn2023.0.2                   amazonlinux
2025-10-07 23:23:51,986 P1909 [INFO] 	git.x86_64                   2.40.1-1.amzn2023.0.3                   amazonlinux
2025-10-07 23:23:51,986 P1909 [INFO] 	git.x86_64                   2.47.1-1.amzn2023.0.1                   amazonlinux
2025-10-07 23:23:51,986 P1909 [INFO] 	git.x86_64                   2.47.1-1.amzn2023.0.2                   amazonlinux
2025-10-07 23:23:51,986 P1909 [INFO] 	git.x86_64                   2.47.1-1.amzn2023.0.3                   amazonlinux
2025-10-07 23:23:51,986 P1909 [INFO] 	git.x86_64                   2.50.1-1.amzn2023.0.1                   amazonlinux
2025-10-07 23:23:51,986 P1909 [INFO] ------------------------------------------------------------
2025-10-07 23:23:51,986 P1909 [INFO] Completed successfully.
2025-10-07 23:23:51,986 P1909 [INFO] ============================================================
2025-10-07 23:23:51,986 P1909 [INFO] yum list installed libpq-devel
2025-10-07 23:23:52,265 P1909 [INFO] -----------------------Command Output-----------------------
2025-10-07 23:23:52,265 P1909 [INFO] 	Error: No matching Packages to list
2025-10-07 23:23:52,265 P1909 [INFO] ------------------------------------------------------------
2025-10-07 23:23:52,265 P1909 [ERROR] Exited with error code 1
2025-10-07 23:23:52,265 P1909 [INFO] ============================================================
2025-10-07 23:23:52,265 P1909 [INFO] yum list available libpq-devel
2025-10-07 23:23:52,676 P1909 [INFO] -----------------------Command Output-----------------------
2025-10-07 23:23:52,676 P1909 [INFO] 	Last metadata expiration check: 0:00:02 ago on Tue 07 Oct 2025 11:23:50 PM UTC.
2025-10-07 23:23:52,676 P1909 [INFO] 	Available Packages
2025-10-07 23:23:52,676 P1909 [INFO] 	libpq-devel.x86_64                15.0-2.amzn2023.0.1                amazonlinux
2025-10-07 23:23:52,676 P1909 [INFO] 	libpq-devel.x86_64                15.7-1.amzn2023.0.1                amazonlinux
2025-10-07 23:23:52,676 P1909 [INFO] 	libpq-devel.x86_64                15.8-1.amzn2023.0.1                amazonlinux
2025-10-07 23:23:52,677 P1909 [INFO] 	libpq-devel.x86_64                16.4-1.amzn2023.0.1                amazonlinux
2025-10-07 23:23:52,677 P1909 [INFO] 	libpq-devel.x86_64                16.4-1.amzn2023.0.2                amazonlinux
2025-10-07 23:23:52,677 P1909 [INFO] 	libpq-devel.x86_64                16.8-1.amzn2023.0.1                amazonlinux
2025-10-07 23:23:52,677 P1909 [INFO] 	libpq-devel.x86_64                17.4-1.amzn2023.0.1                amazonlinux
2025-10-07 23:23:52,677 P1909 [INFO] 	libpq-devel.x86_64                17.6-1.amzn2023.0.1                amazonlinux
2025-10-07 23:23:52,677 P1909 [INFO] ------------------------------------------------------------
2025-10-07 23:23:52,677 P1909 [INFO] Completed successfully.
2025-10-07 23:23:52,677 P1909 [INFO] ============================================================
2025-10-07 23:23:52,677 P1909 [INFO] yum list installed postgresql-devel
2025-10-07 23:23:52,956 P1909 [INFO] -----------------------Command Output-----------------------
2025-10-07 23:23:52,956 P1909 [INFO] 	Error: No matching Packages to list
2025-10-07 23:23:52,956 P1909 [INFO] ------------------------------------------------------------
2025-10-07 23:23:52,956 P1909 [ERROR] Exited with error code 1
2025-10-07 23:23:52,956 P1909 [INFO] ============================================================
2025-10-07 23:23:52,956 P1909 [INFO] yum list available postgresql-devel
2025-10-07 23:23:53,367 P1909 [INFO] -----------------------Command Output-----------------------
2025-10-07 23:23:53,367 P1909 [INFO] 	Last metadata expiration check: 0:00:03 ago on Tue 07 Oct 2025 11:23:50 PM UTC.
2025-10-07 23:23:53,367 P1909 [INFO] 	Error: No matching Packages to list
2025-10-07 23:23:53,367 P1909 [INFO] ------------------------------------------------------------
2025-10-07 23:23:53,367 P1909 [ERROR] Exited with error code 1
2025-10-07 23:40:11,067 P3026 [INFO] ************************************************************
2025-10-07 23:40:11,067 P3026 [INFO] ConfigSet Infra-EmbeddedPreBuild
2025-10-07 23:40:11,069 P3026 [INFO] ++++++++++++++++++++++++++++++++++++++++++++++++++++++++++++
2025-10-07 23:40:11,070 P3026 [INFO] Config prebuild_0_Back
2025-10-07 23:40:11,070 P3026 [INFO] ============================================================
2025-10-07 23:40:11,070 P3026 [INFO] yum clean metadata
2025-10-07 23:40:11,305 P3026 [INFO] -----------------------Command Output-----------------------
2025-10-07 23:40:11,306 P3026 [INFO] 	Cache was expired
2025-10-07 23:40:11,306 P3026 [INFO] 	17 files removed
2025-10-07 23:40:11,306 P3026 [INFO] ------------------------------------------------------------
2025-10-07 23:40:11,306 P3026 [INFO] Completed successfully.
2025-10-07 23:40:11,306 P3026 [INFO] ============================================================
2025-10-07 23:40:11,306 P3026 [INFO] yum makecache
2025-10-07 23:40:23,555 P3026 [INFO] -----------------------Command Output-----------------------
2025-10-07 23:40:23,555 P3026 [INFO] 	Amazon Linux 2023 repository                     69 MB/s |  47 MB     00:00    
2025-10-07 23:40:23,555 P3026 [INFO] 	Amazon Linux 2023 Kernel Livepatch repository   210 kB/s |  26 kB     00:00    
2025-10-07 23:40:23,555 P3026 [INFO] 	Metadata cache created.
2025-10-07 23:40:23,555 P3026 [INFO] ------------------------------------------------------------
2025-10-07 23:40:23,555 P3026 [INFO] Completed successfully.
2025-10-07 23:40:23,555 P3026 [INFO] ============================================================
2025-10-07 23:40:23,555 P3026 [INFO] yum list installed git
2025-10-07 23:40:23,891 P3026 [INFO] -----------------------Command Output-----------------------
2025-10-07 23:40:23,891 P3026 [INFO] 	Error: No matching Packages to list
2025-10-07 23:40:23,891 P3026 [INFO] ------------------------------------------------------------
2025-10-07 23:40:23,892 P3026 [ERROR] Exited with error code 1
2025-10-07 23:40:23,892 P3026 [INFO] ============================================================
2025-10-07 23:40:23,892 P3026 [INFO] yum list available git
2025-10-07 23:40:24,297 P3026 [INFO] -----------------------Command Output-----------------------
2025-10-07 23:40:24,298 P3026 [INFO] 	Last metadata expiration check: 0:00:02 ago on Tue 07 Oct 2025 11:40:22 PM UTC.
2025-10-07 23:40:24,298 P3026 [INFO] 	Available Packages
2025-10-07 23:40:24,298 P3026 [INFO] 	git.x86_64                   2.39.1-1.amzn2023.0.2                   amazonlinux
2025-10-07 23:40:24,298 P3026 [INFO] 	git.x86_64                   2.39.1-1.amzn2023.0.3                   amazonlinux
2025-10-07 23:40:24,298 P3026 [INFO] 	git.x86_64                   2.39.2-1.amzn2023.0.1                   amazonlinux
2025-10-07 23:40:24,298 P3026 [INFO] 	git.x86_64                   2.40.1-1.amzn2023.0.1                   amazonlinux
2025-10-07 23:40:24,298 P3026 [INFO] 	git.x86_64                   2.40.1-1.amzn2023.0.2                   amazonlinux
2025-10-07 23:40:24,298 P3026 [INFO] 	git.x86_64                   2.40.1-1.amzn2023.0.3                   amazonlinux
2025-10-07 23:40:24,298 P3026 [INFO] 	git.x86_64                   2.47.1-1.amzn2023.0.1                   amazonlinux
2025-10-07 23:40:24,298 P3026 [INFO] 	git.x86_64                   2.47.1-1.amzn2023.0.2                   amazonlinux
2025-10-07 23:40:24,298 P3026 [INFO] 	git.x86_64                   2.47.1-1.amzn2023.0.3                   amazonlinux
2025-10-07 23:40:24,298 P3026 [INFO] 	git.x86_64                   2.50.1-1.amzn2023.0.1                   amazonlinux
2025-10-07 23:40:24,298 P3026 [INFO] ------------------------------------------------------------
2025-10-07 23:40:24,298 P3026 [INFO] Completed successfully.
2025-10-07 23:40:24,298 P3026 [INFO] ============================================================
2025-10-07 23:40:24,298 P3026 [INFO] yum list installed libpq-devel
2025-10-07 23:40:24,573 P3026 [INFO] -----------------------Command Output-----------------------
2025-10-07 23:40:24,574 P3026 [INFO] 	Error: No matching Packages to list
2025-10-07 23:40:24,574 P3026 [INFO] ------------------------------------------------------------
2025-10-07 23:40:24,574 P3026 [ERROR] Exited with error code 1
2025-10-07 23:40:24,574 P3026 [INFO] ============================================================
2025-10-07 23:40:24,574 P3026 [INFO] yum list available libpq-devel
2025-10-07 23:40:24,983 P3026 [INFO] -----------------------Command Output-----------------------
2025-10-07 23:40:24,984 P3026 [INFO] 	Last metadata expiration check: 0:00:02 ago on Tue 07 Oct 2025 11:40:22 PM UTC.
2025-10-07 23:40:24,984 P3026 [INFO] 	Available Packages
2025-10-07 23:40:24,984 P3026 [INFO] 	libpq-devel.x86_64                15.0-2.amzn2023.0.1                amazonlinux
2025-10-07 23:40:24,984 P3026 [INFO] 	libpq-devel.x86_64                15.7-1.amzn2023.0.1                amazonlinux
2025-10-07 23:40:24,984 P3026 [INFO] 	libpq-devel.x86_64                15.8-1.amzn2023.0.1                amazonlinux
2025-10-07 23:40:24,984 P3026 [INFO] 	libpq-devel.x86_64                16.4-1.amzn2023.0.1                amazonlinux
2025-10-07 23:40:24,984 P3026 [INFO] 	libpq-devel.x86_64                16.4-1.amzn2023.0.2                amazonlinux
2025-10-07 23:40:24,984 P3026 [INFO] 	libpq-devel.x86_64                16.8-1.amzn2023.0.1                amazonlinux
2025-10-07 23:40:24,984 P3026 [INFO] 	libpq-devel.x86_64                17.4-1.amzn2023.0.1                amazonlinux
2025-10-07 23:40:24,984 P3026 [INFO] 	libpq-devel.x86_64                17.6-1.amzn2023.0.1                amazonlinux
2025-10-07 23:40:24,984 P3026 [INFO] ------------------------------------------------------------
2025-10-07 23:40:24,984 P3026 [INFO] Completed successfully.
2025-10-07 23:40:24,984 P3026 [INFO] ============================================================
2025-10-07 23:40:24,984 P3026 [INFO] yum list installed postgresql-devel
2025-10-07 23:40:25,263 P3026 [INFO] -----------------------Command Output-----------------------
2025-10-07 23:40:25,263 P3026 [INFO] 	Error: No matching Packages to list
2025-10-07 23:40:25,263 P3026 [INFO] ------------------------------------------------------------
2025-10-07 23:40:25,264 P3026 [ERROR] Exited with error code 1
2025-10-07 23:40:25,264 P3026 [INFO] ============================================================
2025-10-07 23:40:25,264 P3026 [INFO] yum list available postgresql-devel
2025-10-07 23:40:25,680 P3026 [INFO] -----------------------Command Output-----------------------
2025-10-07 23:40:25,681 P3026 [INFO] 	Last metadata expiration check: 0:00:03 ago on Tue 07 Oct 2025 11:40:22 PM UTC.
2025-10-07 23:40:25,681 P3026 [INFO] 	Error: No matching Packages to list
2025-10-07 23:40:25,681 P3026 [INFO] ------------------------------------------------------------
2025-10-07 23:40:25,681 P3026 [ERROR] Exited with error code 1
2025-10-07 23:43:27,073 P3218 [INFO] ************************************************************
2025-10-07 23:43:27,073 P3218 [INFO] ConfigSet Infra-EmbeddedPreBuild
2025-10-07 23:43:40,488 P3402 [INFO] ************************************************************
2025-10-07 23:43:40,488 P3402 [INFO] ConfigSet Infra-EmbeddedPostBuild
2025-10-07 23:51:52,502 P4451 [INFO] ************************************************************
2025-10-07 23:51:52,502 P4451 [INFO] ConfigSet Infra-EmbeddedPreBuild
2025-10-07 23:51:56,543 P4685 [INFO] ************************************************************
2025-10-07 23:51:56,543 P4685 [INFO] ConfigSet Infra-EmbeddedPostBuild
2025-10-20 23:32:55,646 P715258 [INFO] ************************************************************
2025-10-20 23:32:55,646 P715258 [INFO] ConfigSet Infra-EmbeddedPreBuild
2025-10-20 23:35:31,212 P715381 [INFO] ************************************************************
2025-10-20 23:35:31,212 P715381 [INFO] ConfigSet Infra-EmbeddedPreBuild
2025-10-20 23:36:59,232 P742156 [INFO] ************************************************************
2025-10-20 23:36:59,232 P742156 [INFO] ConfigSet Infra-EmbeddedPreBuild
2025-10-20 23:37:05,870 P742404 [INFO] ************************************************************
2025-10-20 23:37:05,870 P742404 [INFO] ConfigSet Infra-EmbeddedPostBuild
2025-10-20 23:39:45,755 P742808 [INFO] ************************************************************
2025-10-20 23:39:45,756 P742808 [INFO] ConfigSet Infra-EmbeddedPreBuild
2025-10-20 23:39:50,552 P743054 [INFO] ************************************************************
2025-10-20 23:39:50,552 P743054 [INFO] ConfigSet Infra-EmbeddedPostBuild
2025-10-20 23:43:01,612 P743520 [INFO] ************************************************************
2025-10-20 23:43:01,612 P743520 [INFO] ConfigSet Infra-EmbeddedPreBuild
2025-10-20 23:43:07,045 P743710 [INFO] ************************************************************
2025-10-20 23:43:07,045 P743710 [INFO] ConfigSet Infra-EmbeddedPostBuild
2025-10-21 00:00:41,870 P744859 [INFO] ************************************************************
2025-10-21 00:00:41,871 P744859 [INFO] ConfigSet Infra-EmbeddedPreBuild
2025-10-21 00:00:46,342 P745053 [INFO] ************************************************************
2025-10-21 00:00:46,342 P745053 [INFO] ConfigSet Infra-EmbeddedPostBuild
2025-10-21 01:17:16,723 P748908 [INFO] ************************************************************
2025-10-21 01:17:16,723 P748908 [INFO] ConfigSet Infra-EmbeddedPreBuild
2025-10-21 01:17:21,299 P749098 [INFO] ************************************************************
2025-10-21 01:17:21,299 P749098 [INFO] ConfigSet Infra-EmbeddedPostBuild
2025-10-21 01:20:53,128 P749518 [INFO] ************************************************************
2025-10-21 01:20:53,128 P749518 [INFO] ConfigSet Infra-EmbeddedPreBuild
2025-10-21 01:20:57,639 P749709 [INFO] ************************************************************
2025-10-21 01:20:57,639 P749709 [INFO] ConfigSet Infra-EmbeddedPostBuild
2025-10-21 01:24:05,477 P750071 [INFO] ************************************************************
2025-10-21 01:24:05,477 P750071 [INFO] ConfigSet Infra-EmbeddedPreBuild
2025-10-21 01:24:10,084 P750317 [INFO] ************************************************************
2025-10-21 01:24:10,084 P750317 [INFO] ConfigSet Infra-EmbeddedPostBuild
2025-10-21 01:25:49,954 P750668 [INFO] ************************************************************
2025-10-21 01:25:49,954 P750668 [INFO] ConfigSet Infra-EmbeddedPreBuild
2025-10-21 01:25:54,594 P750858 [INFO] ************************************************************
2025-10-21 01:25:54,594 P750858 [INFO] ConfigSet Infra-EmbeddedPostBuild
2025-10-21 01:44:42,715 P751850 [INFO] ************************************************************
2025-10-21 01:44:42,716 P751850 [INFO] ConfigSet Infra-EmbeddedPreBuild
2025-10-21 01:44:47,216 P752041 [INFO] ************************************************************
2025-10-21 01:44:47,216 P752041 [INFO] ConfigSet Infra-EmbeddedPostBuild
2025-10-21 02:08:33,198 P753323 [INFO] ************************************************************
2025-10-21 02:08:33,198 P753323 [INFO] ConfigSet Infra-EmbeddedPreBuild
2025-10-21 02:08:38,105 P753514 [INFO] ************************************************************
2025-10-21 02:08:38,105 P753514 [INFO] ConfigSet Infra-EmbeddedPostBuild
2025-10-21 02:11:49,013 P753895 [INFO] ************************************************************
2025-10-21 02:11:49,013 P753895 [INFO] ConfigSet Infra-EmbeddedPreBuild
2025-10-21 02:11:53,431 P754142 [INFO] ************************************************************
2025-10-21 02:11:53,431 P754142 [INFO] ConfigSet Infra-EmbeddedPostBuild
2025-10-21 02:15:43,143 P754566 [INFO] ************************************************************
2025-10-21 02:15:43,143 P754566 [INFO] ConfigSet Infra-EmbeddedPreBuild
2025-10-21 02:15:47,583 P754813 [INFO] ************************************************************
2025-10-21 02:15:47,583 P754813 [INFO] ConfigSet Infra-EmbeddedPostBuild
2025-10-21 03:36:19,619 P758402 [INFO] ************************************************************
2025-10-21 03:36:19,620 P758402 [INFO] ConfigSet Infra-EmbeddedPreBuild
2025-10-21 03:36:24,026 P758595 [INFO] ************************************************************
2025-10-21 03:36:24,026 P758595 [INFO] ConfigSet Infra-EmbeddedPostBuild
2025-10-28 17:24:39,275 P1170845 [INFO] ************************************************************
2025-10-28 17:24:39,275 P1170845 [INFO] ConfigSet Infra-EmbeddedPreBuild
2025-10-28 17:24:45,089 P1171046 [INFO] ************************************************************
2025-10-28 17:24:45,089 P1171046 [INFO] ConfigSet Infra-EmbeddedPostBuild
2025-10-28 18:00:59,829 P1172719 [INFO] ************************************************************
2025-10-28 18:00:59,829 P1172719 [INFO] ConfigSet Infra-EmbeddedPreBuild
2025-10-28 18:01:06,108 P1172974 [INFO] ************************************************************
2025-10-28 18:01:06,108 P1172974 [INFO] ConfigSet Infra-EmbeddedPostBuild
2025-10-29 22:41:08,949 P1237053 [INFO] ************************************************************
2025-10-29 22:41:08,950 P1237053 [INFO] ConfigSet Infra-EmbeddedPreBuild
2025-10-29 22:41:13,552 P1237285 [INFO] ************************************************************
2025-10-29 22:41:13,552 P1237285 [INFO] ConfigSet Infra-EmbeddedPostBuild
2025-10-29 22:49:31,133 P1237872 [INFO] ************************************************************
2025-10-29 22:49:31,133 P1237872 [INFO] ConfigSet Infra-EmbeddedPreBuild
2025-10-29 22:49:35,850 P1238122 [INFO] ************************************************************
2025-10-29 22:49:35,850 P1238122 [INFO] ConfigSet Infra-EmbeddedPostBuild
2025-10-30 00:11:04,507 P1241545 [INFO] ************************************************************
2025-10-30 00:11:04,507 P1241545 [INFO] ConfigSet Infra-EmbeddedPreBuild
2025-10-30 00:15:04,462 P1241751 [INFO] ************************************************************
2025-10-30 00:15:04,462 P1241751 [INFO] ConfigSet Infra-EmbeddedPreBuild
2025-10-30 00:15:09,101 P1241943 [INFO] ************************************************************
2025-10-30 00:15:09,101 P1241943 [INFO] ConfigSet Infra-EmbeddedPostBuild
2025-11-03 22:41:59,499 P1509509 [INFO] ************************************************************
2025-11-03 22:41:59,499 P1509509 [INFO] ConfigSet Infra-EmbeddedPreBuild
2025-11-03 22:42:06,320 P1509765 [INFO] ************************************************************
2025-11-03 22:42:06,320 P1509765 [INFO] ConfigSet Infra-EmbeddedPostBuild
2025-11-05 01:11:36,516 P1569889 [INFO] ************************************************************
2025-11-05 01:11:36,516 P1569889 [INFO] ConfigSet Infra-EmbeddedPreBuild
2025-11-05 01:11:41,413 P1570140 [INFO] ************************************************************
2025-11-05 01:11:41,413 P1570140 [INFO] ConfigSet Infra-EmbeddedPostBuild
