2025/10/20 23:35:31.276482 [INFO] Running command: .platform/hooks/prebuild/01_install_dependencies.sh
2025/10/20 23:35:35.943334 [INFO] Amazon Linux 2023 repository                     50 kB/s | 3.6 kB     00:00    
Amazon Linux 2023 Kernel Livepatch repository    43 kB/s | 2.9 kB     00:00    
Amazon Linux 2023 Kernel Livepatch repository   250 kB/s |  26 kB     00:00    
Dependencies resolved.
================================================================================
 Package                     Arch    Version                 Repository    Size
================================================================================
Installing:
 postgresql15-private-devel  x86_64  15.14-1.amzn2023.0.1    amazonlinux   63 k
Installing dependencies:
 openssl-devel               x86_64  1:3.2.2-1.amzn2023.0.1  amazonlinux  3.2 M
 postgresql15-private-libs   x86_64  15.14-1.amzn2023.0.1    amazonlinux  144 k

Transaction Summary
================================================================================
Install  3 Packages

Total download size: 3.4 M
Installed size: 5.5 M
Downloading Packages:
(1/3): postgresql15-private-devel-15.14-1.amzn2 2.0 MB/s |  63 kB     00:00    
(2/3): postgresql15-private-libs-15.14-1.amzn20 2.0 MB/s | 144 kB     00:00    
(3/3): openssl-devel-3.2.2-1.amzn2023.0.1.x86_6  37 MB/s | 3.2 MB     00:00    
--------------------------------------------------------------------------------
Total                                            29 MB/s | 3.4 MB     00:00     
Running transaction check
Transaction check succeeded.
Running transaction test
Transaction test succeeded.
Running transaction
  Preparing        :                                                        1/1 
  Installing       : postgresql15-private-libs-15.14-1.amzn2023.0.1.x86_6   1/3 
  Installing       : openssl-devel-1:3.2.2-1.amzn2023.0.1.x86_64            2/3 
  Installing       : postgresql15-private-devel-15.14-1.amzn2023.0.1.x86_   3/3 
  Running scriptlet: postgresql15-private-devel-15.14-1.amzn2023.0.1.x86_   3/3 
  Verifying        : openssl-devel-1:3.2.2-1.amzn2023.0.1.x86_64            1/3 
  Verifying        : postgresql15-private-devel-15.14-1.amzn2023.0.1.x86_   2/3 
  Verifying        : postgresql15-private-libs-15.14-1.amzn2023.0.1.x86_6   3/3 

Installed:
  openssl-devel-1:3.2.2-1.amzn2023.0.1.x86_64                                   
  postgresql15-private-devel-15.14-1.amzn2023.0.1.x86_64                        
  postgresql15-private-libs-15.14-1.amzn2023.0.1.x86_64                         

Complete!

2025/10/20 23:35:35.943361 [INFO] ================================================================================
WARNING:
  A newer release of "Amazon Linux" is available.

  Available Versions:

  Version 2023.9.20251014:
    Run the following command to upgrade to 2023.9.20251014:

      dnf upgrade --releasever=2023.9.20251014

    Release notes:
     https://docs.aws.amazon.com/linux/al2023/release-notes/relnotes-2023.9.20251014.html

================================================================================

2025/10/20 23:36:59.278419 [INFO] Running command: .platform/hooks/prebuild/01_install_dependencies.sh
2025/10/20 23:37:00.864156 [INFO] Last metadata expiration check: 0:01:28 ago on Mon Oct 20 23:35:32 2025.
Package postgresql15-private-devel-15.14-1.amzn2023.0.1.x86_64 is already installed.
Dependencies resolved.
Nothing to do.
Complete!

2025/10/20 23:39:45.797081 [INFO] Running command: .platform/hooks/prebuild/01_install_dependencies.sh
2025/10/20 23:39:46.965372 [INFO] Last metadata expiration check: 0:04:14 ago on Mon Oct 20 23:35:32 2025.
Package postgresql15-private-devel-15.14-1.amzn2023.0.1.x86_64 is already installed.
Dependencies resolved.
Nothing to do.
Complete!

2025/10/20 23:43:01.736864 [INFO] Running command: .platform/hooks/prebuild/01_install_dependencies.sh
2025/10/20 23:43:03.289276 [INFO] Last metadata expiration check: 0:07:31 ago on Mon Oct 20 23:35:32 2025.
Package postgresql15-private-devel-15.14-1.amzn2023.0.1.x86_64 is already installed.
Dependencies resolved.
Nothing to do.
Complete!

2025/10/21 00:00:41.909315 [INFO] Running command: .platform/hooks/prebuild/01_install_dependencies.sh
2025/10/21 00:00:42.840159 [INFO] Last metadata expiration check: 0:25:10 ago on Mon Oct 20 23:35:32 2025.
Package postgresql15-private-devel-15.14-1.amzn2023.0.1.x86_64 is already installed.
Dependencies resolved.
Nothing to do.
Complete!

2025/10/21 01:17:16.760729 [INFO] Running command: .platform/hooks/prebuild/01_install_dependencies.sh
2025/10/21 01:17:17.637390 [INFO] Last metadata expiration check: 1:41:45 ago on Mon Oct 20 23:35:32 2025.
Package postgresql15-private-devel-15.14-1.amzn2023.0.1.x86_64 is already installed.
Dependencies resolved.
Nothing to do.
Complete!

2025/10/21 01:20:53.167307 [INFO] Running command: .platform/hooks/prebuild/01_install_dependencies.sh
2025/10/21 01:20:54.118071 [INFO] Last metadata expiration check: 1:45:21 ago on Mon Oct 20 23:35:32 2025.
Package postgresql15-private-devel-15.14-1.amzn2023.0.1.x86_64 is already installed.
Dependencies resolved.
Nothing to do.
Complete!

2025/10/21 01:24:05.519203 [INFO] Running command: .platform/hooks/prebuild/01_install_dependencies.sh
2025/10/21 01:24:06.487498 [INFO] Last metadata expiration check: 1:48:34 ago on Mon Oct 20 23:35:32 2025.
Package postgresql15-private-devel-15.14-1.amzn2023.0.1.x86_64 is already installed.
Dependencies resolved.
Nothing to do.
Complete!

2025/10/21 01:25:49.993677 [INFO] Running command: .platform/hooks/prebuild/01_install_dependencies.sh
2025/10/21 01:25:50.848178 [INFO] Last metadata expiration check: 1:50:18 ago on Mon Oct 20 23:35:32 2025.
Package postgresql15-private-devel-15.14-1.amzn2023.0.1.x86_64 is already installed.
Dependencies resolved.
Nothing to do.
Complete!

2025/10/21 01:44:42.756019 [INFO] Running command: .platform/hooks/prebuild/01_install_dependencies.sh
2025/10/21 01:44:43.693563 [INFO] Last metadata expiration check: 2:09:11 ago on Mon Oct 20 23:35:32 2025.
Package postgresql15-private-devel-15.14-1.amzn2023.0.1.x86_64 is already installed.
Dependencies resolved.
Nothing to do.
Complete!

2025/10/21 02:08:33.240226 [INFO] Running command: .platform/hooks/prebuild/01_install_dependencies.sh
2025/10/21 02:08:34.099851 [INFO] Last metadata expiration check: 2:33:01 ago on Mon Oct 20 23:35:32 2025.
Package postgresql15-private-devel-15.14-1.amzn2023.0.1.x86_64 is already installed.
Dependencies resolved.
Nothing to do.
Complete!

2025/10/21 02:11:49.052270 [INFO] Running command: .platform/hooks/prebuild/01_install_dependencies.sh
2025/10/21 02:11:50.031527 [INFO] Last metadata expiration check: 2:36:17 ago on Mon Oct 20 23:35:32 2025.
Package postgresql15-private-devel-15.14-1.amzn2023.0.1.x86_64 is already installed.
Dependencies resolved.
Nothing to do.
Complete!

2025/10/21 02:15:43.183323 [INFO] Running command: .platform/hooks/prebuild/01_install_dependencies.sh
2025/10/21 02:15:44.048912 [INFO] Last metadata expiration check: 2:40:11 ago on Mon Oct 20 23:35:32 2025.
Package postgresql15-private-devel-15.14-1.amzn2023.0.1.x86_64 is already installed.
Dependencies resolved.
Nothing to do.
Complete!

2025/10/21 03:36:19.661025 [INFO] Running command: .platform/hooks/prebuild/01_install_dependencies.sh
2025/10/21 03:36:20.535314 [INFO] Last metadata expiration check: 4:00:48 ago on Mon Oct 20 23:35:32 2025.
Package postgresql15-private-devel-15.14-1.amzn2023.0.1.x86_64 is already installed.
Dependencies resolved.
Nothing to do.
Complete!

2025/10/28 17:24:39.316358 [INFO] Running command: .platform/hooks/prebuild/01_install_dependencies.sh
2025/10/28 17:24:41.094008 [INFO] Amazon Linux 2023 repository                     36 kB/s | 3.6 kB     00:00    
Amazon Linux 2023 Kernel Livepatch repository    44 kB/s | 2.9 kB     00:00    
Amazon Linux 2023 Kernel Livepatch repository   238 kB/s |  28 kB     00:00    
Package postgresql15-private-devel-15.14-1.amzn2023.0.1.x86_64 is already installed.
Dependencies resolved.
Nothing to do.
Complete!

2025/10/28 18:00:59.877518 [INFO] Running command: .platform/hooks/prebuild/01_install_dependencies.sh
2025/10/28 18:01:01.002071 [INFO] Last metadata expiration check: 0:36:20 ago on Tue Oct 28 17:24:40 2025.
Package postgresql15-private-devel-15.14-1.amzn2023.0.1.x86_64 is already installed.
Dependencies resolved.
Nothing to do.
Complete!

2025/10/29 22:41:08.991489 [INFO] Running command: .platform/hooks/prebuild/01_install_dependencies.sh
2025/10/29 22:41:09.972363 [INFO] Last metadata expiration check: 1 day, 5:16:29 ago on Tue Oct 28 17:24:40 2025.
Package postgresql15-private-devel-15.14-1.amzn2023.0.1.x86_64 is already installed.
Dependencies resolved.
Nothing to do.
Complete!

2025/10/29 22:49:31.176099 [INFO] Running command: .platform/hooks/prebuild/01_install_dependencies.sh
2025/10/29 22:49:32.186717 [INFO] Last metadata expiration check: 1 day, 5:24:52 ago on Tue Oct 28 17:24:40 2025.
Package postgresql15-private-devel-15.14-1.amzn2023.0.1.x86_64 is already installed.
Dependencies resolved.
Nothing to do.
Complete!

2025/10/30 00:11:04.549298 [INFO] Running command: .platform/hooks/prebuild/01_install_dependencies.sh
2025/10/30 00:11:05.480972 [INFO] Last metadata expiration check: 1 day, 6:46:25 ago on Tue Oct 28 17:24:40 2025.
Package postgresql15-private-devel-15.14-1.amzn2023.0.1.x86_64 is already installed.
Dependencies resolved.
Nothing to do.
Complete!

2025/10/30 00:15:04.505032 [INFO] Running command: .platform/hooks/prebuild/01_install_dependencies.sh
2025/10/30 00:15:05.456988 [INFO] Last metadata expiration check: 1 day, 6:50:25 ago on Tue Oct 28 17:24:40 2025.
Package postgresql15-private-devel-15.14-1.amzn2023.0.1.x86_64 is already installed.
Dependencies resolved.
Nothing to do.
Complete!

2025/11/03 22:41:59.542086 [INFO] Running command: .platform/hooks/prebuild/01_install_dependencies.sh
2025/11/03 22:42:00.859071 [INFO] Amazon Linux 2023 repository                     58 kB/s | 3.6 kB     00:00    
Amazon Linux 2023 Kernel Livepatch repository    52 kB/s | 2.9 kB     00:00    
Package postgresql15-private-devel-15.14-1.amzn2023.0.1.x86_64 is already installed.
Dependencies resolved.
Nothing to do.
Complete!

2025/11/05 01:11:36.562121 [INFO] Running command: .platform/hooks/prebuild/01_install_dependencies.sh
2025/11/05 01:11:37.560808 [INFO] Last metadata expiration check: 1 day, 2:29:37 ago on Mon Nov  3 22:42:00 2025.
Package postgresql15-private-devel-15.14-1.amzn2023.0.1.x86_64 is already installed.
Dependencies resolved.
Nothing to do.
Complete!

