2025/10/07 23:31:14.902763 [INFO] Cleaning log publish record...
2025/10/07 23:31:14.902815 [INFO] Start log publish job.
2025/10/07 23:31:14.902820 [INFO] Start publish file /tmp/BundleLogs-1759879874885.zip
2025/10/07 23:31:14.989417 [INFO] Successful upload file /tmp/BundleLogs-1759879874885.zip to s3 resources/environments/logs/bundle/e-f2kw6caqqy/i-048d789b7d32bff57/BundleLogs-1759879874885.zip
2025/10/07 23:31:14.989555 [INFO] Finished log publish job.
2025/10/07 23:31:29.202149 [INFO] Cleaning log publish record...
2025/10/07 23:31:29.202180 [INFO] /tmp/BundleLogs-1759879874885.zip exists, no need for clean up
2025/10/07 23:31:29.202183 [INFO] Start log publish job.
2025/10/07 23:31:29.202186 [INFO] Start publish file /tmp/TailLogs-1759879889198.txt
2025/10/07 23:31:29.255682 [INFO] Successful upload file /tmp/TailLogs-1759879889198.txt to s3 resources/environments/logs/tail/e-f2kw6caqqy/i-048d789b7d32bff57/TailLogs-1759879889198.txt
2025/10/07 23:31:29.255812 [INFO] Finished log publish job.
2025/10/07 23:41:33.258644 [INFO] Cleaning log publish record...
2025/10/07 23:41:33.258699 [INFO] /tmp/BundleLogs-1759879874885.zip exists, no need for clean up
2025/10/07 23:41:33.258706 [INFO] /tmp/TailLogs-1759879889198.txt exists, no need for clean up
2025/10/07 23:41:33.258709 [INFO] Start log publish job.
2025/10/07 23:41:33.258711 [INFO] Start publish file /tmp/BundleLogs-1759880493232.zip
2025/10/07 23:41:33.319866 [INFO] Successful upload file /tmp/BundleLogs-1759880493232.zip to s3 resources/environments/logs/bundle/e-f2kw6caqqy/i-048d789b7d32bff57/BundleLogs-1759880493232.zip
2025/10/07 23:41:33.320013 [INFO] Finished log publish job.
2025/10/07 23:48:36.571932 [INFO] Cleaning log publish record...
2025/10/07 23:48:36.571983 [INFO] /tmp/BundleLogs-1759879874885.zip exists, no need for clean up
2025/10/07 23:48:36.571989 [INFO] /tmp/TailLogs-1759879889198.txt exists, no need for clean up
2025/10/07 23:48:36.571994 [INFO] /tmp/BundleLogs-1759880493232.zip exists, no need for clean up
2025/10/07 23:48:36.571996 [INFO] Start log publish job.
2025/10/07 23:48:36.571999 [INFO] Start publish file /tmp/BundleLogs-1759880916527.zip
2025/10/07 23:48:36.629320 [INFO] Successful upload file /tmp/BundleLogs-1759880916527.zip to s3 resources/environments/logs/bundle/e-f2kw6caqqy/i-048d789b7d32bff57/BundleLogs-1759880916527.zip
2025/10/07 23:48:36.629456 [INFO] Finished log publish job.
2025/10/07 23:55:40.947495 [INFO] Cleaning log publish record...
2025/10/07 23:55:40.947565 [INFO] /tmp/BundleLogs-1759879874885.zip exists, no need for clean up
2025/10/07 23:55:40.947572 [INFO] /tmp/TailLogs-1759879889198.txt exists, no need for clean up
2025/10/07 23:55:40.947577 [INFO] /tmp/BundleLogs-1759880493232.zip exists, no need for clean up
2025/10/07 23:55:40.947581 [INFO] /tmp/BundleLogs-1759880916527.zip exists, no need for clean up
2025/10/07 23:55:40.947584 [INFO] Start log publish job.
2025/10/07 23:55:40.947586 [INFO] Start publish file /tmp/BundleLogs-1759881340897.zip
2025/10/07 23:55:40.999182 [INFO] Successful upload file /tmp/BundleLogs-1759881340897.zip to s3 resources/environments/logs/bundle/e-f2kw6caqqy/i-048d789b7d32bff57/BundleLogs-1759881340897.zip
2025/10/07 23:55:40.999471 [INFO] Finished log publish job.
2025/10/20 23:34:07.776957 [INFO] Cleaning log publish record...
2025/10/20 23:34:07.777030 [INFO] removing file /opt/elasticbeanstalk/.log-publish-record/_tmp_BundleLogs-1759879874885.zip
2025/10/20 23:34:07.777089 [INFO] removing file /opt/elasticbeanstalk/.log-publish-record/_tmp_TailLogs-1759879889198.txt
2025/10/20 23:34:07.777122 [INFO] removing file /opt/elasticbeanstalk/.log-publish-record/_tmp_BundleLogs-1759880493232.zip
2025/10/20 23:34:07.777141 [INFO] removing file /opt/elasticbeanstalk/.log-publish-record/_tmp_BundleLogs-1759880916527.zip
2025/10/20 23:34:07.777154 [INFO] removing file /opt/elasticbeanstalk/.log-publish-record/_tmp_BundleLogs-1759881340897.zip
2025/10/20 23:34:07.777164 [INFO] Start log publish job.
2025/10/20 23:34:07.777166 [INFO] Start publish file /tmp/BundleLogs-1761003246824.zip
2025/10/20 23:34:07.878003 [INFO] Successful upload file /tmp/BundleLogs-1761003246824.zip to s3 resources/environments/logs/bundle/e-f2kw6caqqy/i-048d789b7d32bff57/BundleLogs-1761003246824.zip
2025/10/20 23:34:07.878145 [INFO] Finished log publish job.
2025/10/20 23:35:57.563752 [INFO] Cleaning log publish record...
2025/10/20 23:35:57.563807 [INFO] /tmp/BundleLogs-1761003246824.zip exists, no need for clean up
2025/10/20 23:35:57.563813 [INFO] Start log publish job.
2025/10/20 23:35:57.563816 [INFO] Start publish file /tmp/BundleLogs-1761003356185.zip
2025/10/20 23:35:57.675797 [INFO] Successful upload file /tmp/BundleLogs-1761003356185.zip to s3 resources/environments/logs/bundle/e-f2kw6caqqy/i-048d789b7d32bff57/BundleLogs-1761003356185.zip
2025/10/20 23:35:57.675925 [INFO] Finished log publish job.
2025/10/20 23:38:35.137982 [INFO] Cleaning log publish record...
2025/10/20 23:38:35.138044 [INFO] /tmp/BundleLogs-1761003246824.zip exists, no need for clean up
2025/10/20 23:38:35.138051 [INFO] /tmp/BundleLogs-1761003356185.zip exists, no need for clean up
2025/10/20 23:38:35.138053 [INFO] Start log publish job.
2025/10/20 23:38:35.138055 [INFO] Start publish file /tmp/BundleLogs-1761003514153.zip
2025/10/20 23:38:35.270562 [INFO] Successful upload file /tmp/BundleLogs-1761003514153.zip to s3 resources/environments/logs/bundle/e-f2kw6caqqy/i-048d789b7d32bff57/BundleLogs-1761003514153.zip
2025/10/20 23:38:35.270693 [INFO] Finished log publish job.
2025/10/20 23:41:02.711048 [INFO] Cleaning log publish record...
2025/10/20 23:41:02.711165 [INFO] /tmp/BundleLogs-1761003246824.zip exists, no need for clean up
2025/10/20 23:41:02.711172 [INFO] /tmp/BundleLogs-1761003356185.zip exists, no need for clean up
2025/10/20 23:41:02.711181 [INFO] /tmp/BundleLogs-1761003514153.zip exists, no need for clean up
2025/10/20 23:41:02.711184 [INFO] Start log publish job.
2025/10/20 23:41:02.711187 [INFO] Start publish file /tmp/TailLogs-1761003662701.txt
2025/10/20 23:41:02.784396 [INFO] Successful upload file /tmp/TailLogs-1761003662701.txt to s3 resources/environments/logs/tail/e-f2kw6caqqy/i-048d789b7d32bff57/TailLogs-1761003662701.txt
2025/10/20 23:41:02.784536 [INFO] Finished log publish job.
2025/10/28 17:52:28.438401 [INFO] Cleaning log publish record...
2025/10/28 17:52:28.438444 [INFO] /tmp/BundleLogs-1761003246824.zip exists, no need for clean up
2025/10/28 17:52:28.438450 [INFO] /tmp/BundleLogs-1761003356185.zip exists, no need for clean up
2025/10/28 17:52:28.438454 [INFO] /tmp/BundleLogs-1761003514153.zip exists, no need for clean up
2025/10/28 17:52:28.438459 [INFO] /tmp/TailLogs-1761003662701.txt exists, no need for clean up
2025/10/28 17:52:28.438461 [INFO] Start log publish job.
2025/10/28 17:52:28.438464 [INFO] Start publish file /tmp/TailLogs-1761673948429.txt
2025/10/28 17:52:28.493571 [INFO] Successful upload file /tmp/TailLogs-1761673948429.txt to s3 resources/environments/logs/tail/e-f2kw6caqqy/i-048d789b7d32bff57/TailLogs-1761673948429.txt
2025/10/28 17:52:28.493751 [INFO] Finished log publish job.
2025/10/30 00:11:49.774517 [INFO] Cleaning log publish record...
2025/10/30 00:11:49.774588 [INFO] /tmp/BundleLogs-1761003246824.zip exists, no need for clean up
2025/10/30 00:11:49.774597 [INFO] /tmp/BundleLogs-1761003356185.zip exists, no need for clean up
2025/10/30 00:11:49.774605 [INFO] /tmp/BundleLogs-1761003514153.zip exists, no need for clean up
2025/10/30 00:11:49.774612 [INFO] /tmp/TailLogs-1761003662701.txt exists, no need for clean up
2025/10/30 00:11:49.774618 [INFO] /tmp/TailLogs-1761673948429.txt exists, no need for clean up
2025/10/30 00:11:49.774629 [INFO] Start log publish job.
2025/10/30 00:11:49.774633 [INFO] Start publish file /tmp/TailLogs-1761783109762.txt
2025/10/30 00:11:49.863301 [INFO] Successful upload file /tmp/TailLogs-1761783109762.txt to s3 resources/environments/logs/tail/e-f2kw6caqqy/i-048d789b7d32bff57/TailLogs-1761783109762.txt
2025/10/30 00:11:49.863440 [INFO] Finished log publish job.
