2025-10-07 23:22:31,630 P1656 [INFO] ************************************************************
2025-10-07 23:22:31,630 P1656 [INFO] ConfigSet _OnInstanceBoot
2025-10-07 23:22:31,632 P1656 [INFO] ++++++++++++++++++++++++++++++++++++++++++++++++++++++++++++
2025-10-07 23:22:31,632 P1656 [INFO] Config AWSEBBaseConfig
2025-10-07 23:22:31,869 P1656 [INFO] ============================================================
2025-10-07 23:22:31,869 P1656 [INFO] Command clearbackupfiles
2025-10-07 23:22:31,879 P1656 [INFO] Completed successfully.
2025-10-07 23:22:31,883 P1656 [INFO] ++++++++++++++++++++++++++++++++++++++++++++++++++++++++++++
2025-10-07 23:22:31,883 P1656 [INFO] Config AWSEBCfnHupEndpointOverride
2025-10-07 23:22:31,883 P1656 [INFO] ============================================================
2025-10-07 23:22:31,883 P1656 [INFO] Command clearbackupfiles
2025-10-07 23:22:31,887 P1656 [INFO] Completed successfully.
2025-10-07 23:23:38,208 P1909 [INFO] ************************************************************
2025-10-07 23:23:38,208 P1909 [INFO] ConfigSet Infra-EmbeddedPreBuild
2025-10-07 23:23:38,211 P1909 [INFO] ++++++++++++++++++++++++++++++++++++++++++++++++++++++++++++
2025-10-07 23:23:38,211 P1909 [INFO] Config prebuild_0_Back
2025-10-07 23:23:38,211 P1909 [INFO] ============================================================
2025-10-07 23:23:38,211 P1909 [INFO] yum clean metadata
2025-10-07 23:23:38,810 P1909 [INFO] -----------------------Command Output-----------------------
2025-10-07 23:23:38,810 P1909 [INFO] 	Cache was expired
2025-10-07 23:23:38,810 P1909 [INFO] 	17 files removed
2025-10-07 23:23:38,810 P1909 [INFO] ------------------------------------------------------------
2025-10-07 23:23:38,810 P1909 [INFO] Completed successfully.
2025-10-07 23:23:38,811 P1909 [INFO] ============================================================
2025-10-07 23:23:38,811 P1909 [INFO] yum makecache
2025-10-07 23:23:51,211 P1909 [INFO] -----------------------Command Output-----------------------
2025-10-07 23:23:51,211 P1909 [INFO] 	Amazon Linux 2023 repository                     67 MB/s |  47 MB     00:00    
2025-10-07 23:23:51,211 P1909 [INFO] 	Amazon Linux 2023 Kernel Livepatch repository   261 kB/s |  26 kB     00:00    
2025-10-07 23:23:51,211 P1909 [INFO] 	Metadata cache created.
2025-10-07 23:23:51,211 P1909 [INFO] ------------------------------------------------------------
2025-10-07 23:23:51,211 P1909 [INFO] Completed successfully.
2025-10-07 23:23:51,211 P1909 [INFO] ============================================================
2025-10-07 23:23:51,211 P1909 [INFO] yum list installed git
2025-10-07 23:23:51,571 P1909 [INFO] -----------------------Command Output-----------------------
2025-10-07 23:23:51,571 P1909 [INFO] 	Error: No matching Packages to list
2025-10-07 23:23:51,571 P1909 [INFO] ------------------------------------------------------------
2025-10-07 23:23:51,571 P1909 [ERROR] Exited with error code 1
2025-10-07 23:23:51,571 P1909 [INFO] ============================================================
2025-10-07 23:23:51,571 P1909 [INFO] yum list available git
2025-10-07 23:23:51,985 P1909 [INFO] -----------------------Command Output-----------------------
2025-10-07 23:23:51,985 P1909 [INFO] 	Last metadata expiration check: 0:00:01 ago on Tue 07 Oct 2025 11:23:50 PM UTC.
2025-10-07 23:23:51,985 P1909 [INFO] 	Available Packages
2025-10-07 23:23:51,985 P1909 [INFO] 	git.x86_64                   2.39.1-1.amzn2023.0.2                   amazonlinux
2025-10-07 23:23:51,985 P1909 [INFO] 	git.x86_64                   2.39.1-1.amzn2023.0.3                   amazonlinux
2025-10-07 23:23:51,986 P1909 [INFO] 	git.x86_64                   2.39.2-1.amzn2023.0.1                   amazonlinux
2025-10-07 23:23:51,986 P1909 [INFO] 	git.x86_64                   2.40.1-1.amzn2023.0.1                   amazonlinux
2025-10-07 23:23:51,986 P1909 [INFO] 	git.x86_64                   2.40.1-1.amzn2023.0.2                   amazonlinux
2025-10-07 23:23:51,986 P1909 [INFO] 	git.x86_64                   2.40.1-1.amzn2023.0.3                   amazonlinux
2025-10-07 23:23:51,986 P1909 [INFO] 	git.x86_64                   2.47.1-1.amzn2023.0.1                   amazonlinux
2025-10-07 23:23:51,986 P1909 [INFO] 	git.x86_64                   2.47.1-1.amzn2023.0.2                   amazonlinux
2025-10-07 23:23:51,986 P1909 [INFO] 	git.x86_64                   2.47.1-1.amzn2023.0.3                   amazonlinux
2025-10-07 23:23:51,986 P1909 [INFO] 	git.x86_64                   2.50.1-1.amzn2023.0.1                   amazonlinux
2025-10-07 23:23:51,986 P1909 [INFO] ------------------------------------------------------------
2025-10-07 23:23:51,986 P1909 [INFO] Completed successfully.
2025-10-07 23:23:51,986 P1909 [INFO] ============================================================
2025-10-07 23:23:51,986 P1909 [INFO] yum list installed libpq-devel
2025-10-07 23:23:52,265 P1909 [INFO] -----------------------Command Output-----------------------
2025-10-07 23:23:52,265 P1909 [INFO] 	Error: No matching Packages to list
2025-10-07 23:23:52,265 P1909 [INFO] ------------------------------------------------------------
2025-10-07 23:23:52,265 P1909 [ERROR] Exited with error code 1
2025-10-07 23:23:52,265 P1909 [INFO] ============================================================
2025-10-07 23:23:52,265 P1909 [INFO] yum list available libpq-devel
2025-10-07 23:23:52,676 P1909 [INFO] -----------------------Command Output-----------------------
2025-10-07 23:23:52,676 P1909 [INFO] 	Last metadata expiration check: 0:00:02 ago on Tue 07 Oct 2025 11:23:50 PM UTC.
2025-10-07 23:23:52,676 P1909 [INFO] 	Available Packages
2025-10-07 23:23:52,676 P1909 [INFO] 	libpq-devel.x86_64                15.0-2.amzn2023.0.1                amazonlinux
2025-10-07 23:23:52,676 P1909 [INFO] 	libpq-devel.x86_64                15.7-1.amzn2023.0.1                amazonlinux
2025-10-07 23:23:52,676 P1909 [INFO] 	libpq-devel.x86_64                15.8-1.amzn2023.0.1                amazonlinux
2025-10-07 23:23:52,677 P1909 [INFO] 	libpq-devel.x86_64                16.4-1.amzn2023.0.1                amazonlinux
2025-10-07 23:23:52,677 P1909 [INFO] 	libpq-devel.x86_64                16.4-1.amzn2023.0.2                amazonlinux
2025-10-07 23:23:52,677 P1909 [INFO] 	libpq-devel.x86_64                16.8-1.amzn2023.0.1                amazonlinux
2025-10-07 23:23:52,677 P1909 [INFO] 	libpq-devel.x86_64                17.4-1.amzn2023.0.1                amazonlinux
2025-10-07 23:23:52,677 P1909 [INFO] 	libpq-devel.x86_64                17.6-1.amzn2023.0.1                amazonlinux
2025-10-07 23:23:52,677 P1909 [INFO] ------------------------------------------------------------
2025-10-07 23:23:52,677 P1909 [INFO] Completed successfully.
2025-10-07 23:23:52,677 P1909 [INFO] ============================================================
2025-10-07 23:23:52,677 P1909 [INFO] yum list installed postgresql-devel
2025-10-07 23:23:52,956 P1909 [INFO] -----------------------Command Output-----------------------
2025-10-07 23:23:52,956 P1909 [INFO] 	Error: No matching Packages to list
2025-10-07 23:23:52,956 P1909 [INFO] ------------------------------------------------------------
2025-10-07 23:23:52,956 P1909 [ERROR] Exited with error code 1
2025-10-07 23:23:52,956 P1909 [INFO] ============================================================
2025-10-07 23:23:52,956 P1909 [INFO] yum list available postgresql-devel
2025-10-07 23:23:53,367 P1909 [INFO] -----------------------Command Output-----------------------
2025-10-07 23:23:53,367 P1909 [INFO] 	Last metadata expiration check: 0:00:03 ago on Tue 07 Oct 2025 11:23:50 PM UTC.
2025-10-07 23:23:53,367 P1909 [INFO] 	Error: No matching Packages to list
2025-10-07 23:23:53,367 P1909 [INFO] ------------------------------------------------------------
2025-10-07 23:23:53,367 P1909 [ERROR] Exited with error code 1
